{
  message: 'database connected successfully',
  level: 'info',
  service: 'user-service',
  label: 'Dipra',
  timestamp: '2024-03-13T16:05:29.037Z'
}
{
  message: 'Example app listening on port 5300',
  level: 'info',
  service: 'user-service',
  label: 'Dipra',
  timestamp: '2024-03-13T16:05:29.050Z'
}
{
  message: 'database connected successfully',
  level: 'info',
  service: 'user-service',
  label: 'Dipra',
  timestamp: '2024-03-13T16:09:18.665Z'
}
{
  message: 'Example app listening on port 5300',
  level: 'info',
  service: 'user-service',
  label: 'Dipra',
  timestamp: '2024-03-13T16:09:18.672Z'
}
{
  message: 'database connected successfully',
  level: 'info',
  service: 'user-service',
  label: 'Dipra',
  timestamp: '2024-03-13T16:18:46.652Z'
}
{
  message: 'Example app listening on port 5300',
  level: 'info',
  service: 'user-service',
  label: 'Dipra',
  timestamp: '2024-03-13T16:18:46.660Z'
}
{
  message: 'database connected successfully',
  level: 'info',
  service: 'user-service',
  label: 'Dipra',
  timestamp: '2024-03-13T16:21:47.013Z'
}
{
  message: 'Example app listening on port 5300',
  level: 'info',
  service: 'user-service',
  label: 'Dipra',
  timestamp: '2024-03-13T16:21:47.021Z'
}
{
  message: 'database connected successfully',
  level: 'info',
  service: 'user-service',
  label: 'Dipra',
  timestamp: '2024-03-13T16:22:08.382Z'
}
{
  message: 'Example app listening on port 5300',
  level: 'info',
  service: 'user-service',
  label: 'Dipra',
  timestamp: '2024-03-13T16:22:08.386Z'
}
{
  message: 'database connected successfully',
  level: 'info',
  service: 'user-service',
  label: 'Dipra',
  timestamp: '2024-03-13T16:23:11.698Z'
}
{
  message: 'Example app listening on port 5300',
  level: 'info',
  service: 'user-service',
  label: 'Dipra',
  timestamp: '2024-03-13T16:23:11.702Z'
}
{
  message: 'database connected successfully',
  level: 'info',
  service: 'user-service',
  label: 'Dipra',
  timestamp: '2024-03-13T16:23:25.089Z'
}
{
  message: 'Example app listening on port 5300',
  level: 'info',
  service: 'user-service',
  label: 'Dipra',
  timestamp: '2024-03-13T16:23:25.094Z'
}
{
  message: 'database connected successfully',
  level: 'info',
  service: 'user-service',
  label: 'Dipra',
  timestamp: '2024-03-13T16:24:35.805Z'
}
{
  message: 'Example app listening on port 5300',
  level: 'info',
  service: 'user-service',
  label: 'Dipra',
  timestamp: '2024-03-13T16:24:35.808Z'
}
{
  message: 'database connected successfully',
  level: 'info',
  service: 'user-service',
  label: 'Dipra',
  timestamp: '2024-03-13T16:27:24.207Z'
}
{
  message: 'Example app listening on port 5300',
  level: 'info',
  service: 'user-service',
  label: 'Dipra',
  timestamp: '2024-03-13T16:27:24.210Z'
}
{
  message: 'database connected successfully',
  level: 'info',
  service: 'user-service',
  label: 'Dipra',
  timestamp: '2024-03-13T16:27:41.734Z'
}
{
  message: 'Example app listening on port 5300',
  level: 'info',
  service: 'user-service',
  label: 'Dipra',
  timestamp: '2024-03-13T16:27:41.736Z'
}
{
  message: 'database connected successfully',
  level: 'info',
  service: 'user-service',
  label: 'Dipra',
  timestamp: '2024-03-13T16:28:26.748Z'
}
{
  message: 'Example app listening on port 5300',
  level: 'info',
  service: 'user-service',
  label: 'Dipra',
  timestamp: '2024-03-13T16:28:26.750Z'
}
{
  message: 'database connected successfully',
  level: 'info',
  service: 'user-service',
  label: 'Dipra',
  timestamp: '2024-03-13T16:34:44.350Z'
}
{
  message: 'Example app listening on port 5300',
  level: 'info',
  service: 'user-service',
  label: 'Dipra',
  timestamp: '2024-03-13T16:34:44.356Z'
}
{
  message: 'database connected successfully',
  level: 'info',
  service: 'user-service',
  label: 'Dipra',
  timestamp: '2024-03-13T16:36:23.961Z'
}
{
  message: 'Example app listening on port 5300',
  level: 'info',
  service: 'user-service',
  label: 'Dipra',
  timestamp: '2024-03-13T16:36:23.964Z'
}
{
  message: 'database connected successfully',
  level: 'info',
  service: 'user-service',
  label: 'Dipra',
  timestamp: '2024-03-13T16:38:39.555Z'
}
{
  message: 'Example app listening on port 5300',
  level: 'info',
  service: 'user-service',
  label: 'Dipra',
  timestamp: '2024-03-13T16:38:39.558Z'
}
{
  message: 'database connected successfully',
  level: 'info',
  service: 'user-service',
  label: 'Dipra',
  timestamp: '2024-03-13T16:39:13.226Z'
}
{
  message: 'Example app listening on port 5300',
  level: 'info',
  service: 'user-service',
  label: 'Dipra',
  timestamp: '2024-03-13T16:39:13.231Z'
}
{
  message: 'database connected successfully',
  level: 'info',
  service: 'user-service',
  label: 'Dipra',
  timestamp: '2024-03-13T16:39:20.367Z'
}
{
  message: 'Example app listening on port 5300',
  level: 'info',
  service: 'user-service',
  label: 'Dipra',
  timestamp: '2024-03-13T16:39:20.371Z'
}
{
  message: 'database connected successfully',
  level: 'info',
  service: 'user-service',
  label: 'Dipra',
  timestamp: '2024-03-13T16:40:34.796Z'
}
{
  message: 'Example app listening on port 5300',
  level: 'info',
  service: 'user-service',
  label: 'Dipra',
  timestamp: '2024-03-13T16:40:34.798Z'
}
