{
  message: 'database connected successfully',
  level: 'info',
  service: 'user-service',
  label: 'Dipra',
  timestamp: '2024-03-23T14:00:33.390Z'
}
{
  message: 'Example app listening on port 5300',
  level: 'info',
  service: 'user-service',
  label: 'Dipra',
  timestamp: '2024-03-23T14:00:33.398Z'
}
{
  message: 'SIGTERM is received',
  level: 'info',
  service: 'user-service',
  label: 'Dipra',
  timestamp: '2024-03-23T14:02:35.238Z'
}
{
  message: 'database connected successfully',
  level: 'info',
  service: 'user-service',
  label: 'Dipra',
  timestamp: '2024-03-23T14:06:07.993Z'
}
{
  message: 'Example app listening on port 5300',
  level: 'info',
  service: 'user-service',
  label: 'Dipra',
  timestamp: '2024-03-23T14:06:07.998Z'
}
