{
  message: 'database connected successfully',
  level: 'info',
  service: 'user-service',
  label: 'Dipra',
  timestamp: '2024-03-18T15:03:40.933Z'
}
{
  message: 'Example app listening on port 5300',
  level: 'info',
  service: 'user-service',
  label: 'Dipra',
  timestamp: '2024-03-18T15:03:40.942Z'
}
{
  message: 'SIGTERM is received',
  level: 'info',
  service: 'user-service',
  label: 'Dipra',
  timestamp: '2024-03-18T15:06:58.098Z'
}
{
  message: 'database connected successfully',
  level: 'info',
  service: 'user-service',
  label: 'Dipra',
  timestamp: '2024-03-18T15:11:55.863Z'
}
{
  message: 'Example app listening on port 5300',
  level: 'info',
  service: 'user-service',
  label: 'Dipra',
  timestamp: '2024-03-18T15:11:55.871Z'
}
{
  message: 'SIGTERM is received',
  level: 'info',
  service: 'user-service',
  label: 'Dipra',
  timestamp: '2024-03-18T15:12:36.985Z'
}
{
  message: 'database connected successfully',
  level: 'info',
  service: 'user-service',
  label: 'Dipra',
  timestamp: '2024-03-18T15:13:06.928Z'
}
{
  message: 'Example app listening on port 5300',
  level: 'info',
  service: 'user-service',
  label: 'Dipra',
  timestamp: '2024-03-18T15:13:06.931Z'
}
{
  message: 'SIGTERM is received',
  level: 'info',
  service: 'user-service',
  label: 'Dipra',
  timestamp: '2024-03-18T15:14:12.019Z'
}
{
  message: 'database connected successfully',
  level: 'info',
  service: 'user-service',
  label: 'Dipra',
  timestamp: '2024-03-18T15:14:17.488Z'
}
{
  message: 'Example app listening on port 5300',
  level: 'info',
  service: 'user-service',
  label: 'Dipra',
  timestamp: '2024-03-18T15:14:17.495Z'
}
{
  message: 'SIGTERM is received',
  level: 'info',
  service: 'user-service',
  label: 'Dipra',
  timestamp: '2024-03-18T15:14:48.681Z'
}
{
  message: 'database connected successfully',
  level: 'info',
  service: 'user-service',
  label: 'Dipra',
  timestamp: '2024-03-18T15:15:05.848Z'
}
{
  message: 'Example app listening on port 5300',
  level: 'info',
  service: 'user-service',
  label: 'Dipra',
  timestamp: '2024-03-18T15:15:05.853Z'
}
{
  message: 'SIGTERM is received',
  level: 'info',
  service: 'user-service',
  label: 'Dipra',
  timestamp: '2024-03-18T15:15:20.454Z'
}
{
  message: 'database connected successfully',
  level: 'info',
  service: 'user-service',
  label: 'Dipra',
  timestamp: '2024-03-18T15:15:48.692Z'
}
{
  message: 'Example app listening on port 5300',
  level: 'info',
  service: 'user-service',
  label: 'Dipra',
  timestamp: '2024-03-18T15:15:48.698Z'
}
{
  message: 'SIGTERM is received',
  level: 'info',
  service: 'user-service',
  label: 'Dipra',
  timestamp: '2024-03-18T15:16:14.965Z'
}
{
  message: 'database connected successfully',
  level: 'info',
  service: 'user-service',
  label: 'Dipra',
  timestamp: '2024-03-18T15:16:24.423Z'
}
{
  message: 'Example app listening on port 5300',
  level: 'info',
  service: 'user-service',
  label: 'Dipra',
  timestamp: '2024-03-18T15:16:24.429Z'
}
{
  message: 'SIGTERM is received',
  level: 'info',
  service: 'user-service',
  label: 'Dipra',
  timestamp: '2024-03-18T15:19:43.126Z'
}
{
  message: 'database connected successfully',
  level: 'info',
  service: 'user-service',
  label: 'Dipra',
  timestamp: '2024-03-18T15:19:51.119Z'
}
{
  message: 'Example app listening on port 5300',
  level: 'info',
  service: 'user-service',
  label: 'Dipra',
  timestamp: '2024-03-18T15:19:51.123Z'
}
{
  message: 'database connected successfully',
  level: 'info',
  service: 'user-service',
  label: 'Dipra',
  timestamp: '2024-03-18T15:20:11.099Z'
}
{
  message: 'Example app listening on port 5300',
  level: 'info',
  service: 'user-service',
  label: 'Dipra',
  timestamp: '2024-03-18T15:20:11.106Z'
}
{
  message: 'SIGTERM is received',
  level: 'info',
  service: 'user-service',
  label: 'Dipra',
  timestamp: '2024-03-18T15:20:16.083Z'
}
{
  message: 'database connected successfully',
  level: 'info',
  service: 'user-service',
  label: 'Dipra',
  timestamp: '2024-03-18T15:20:21.363Z'
}
{
  message: 'Example app listening on port 5300',
  level: 'info',
  service: 'user-service',
  label: 'Dipra',
  timestamp: '2024-03-18T15:20:21.366Z'
}
{
  message: 'SIGTERM is received',
  level: 'info',
  service: 'user-service',
  label: 'Dipra',
  timestamp: '2024-03-18T15:23:45.949Z'
}
{
  message: 'SIGTERM is received',
  level: 'info',
  service: 'user-service',
  label: 'Dipra',
  timestamp: '2024-03-18T15:33:20.457Z'
}
{
  message: 'database connected successfully',
  level: 'info',
  service: 'user-service',
  label: 'Dipra',
  timestamp: '2024-03-18T15:33:21.180Z'
}
{
  message: 'Example app listening on port 5300',
  level: 'info',
  service: 'user-service',
  label: 'Dipra',
  timestamp: '2024-03-18T15:33:21.182Z'
}
{
  message: 'database connected successfully',
  level: 'info',
  service: 'user-service',
  label: 'Dipra',
  timestamp: '2024-03-18T15:33:25.058Z'
}
{
  message: 'Example app listening on port 5300',
  level: 'info',
  service: 'user-service',
  label: 'Dipra',
  timestamp: '2024-03-18T15:33:25.060Z'
}
{
  message: 'database connected successfully',
  level: 'info',
  service: 'user-service',
  label: 'Dipra',
  timestamp: '2024-03-18T15:38:59.976Z'
}
{
  message: 'Example app listening on port 5300',
  level: 'info',
  service: 'user-service',
  label: 'Dipra',
  timestamp: '2024-03-18T15:38:59.980Z'
}
{
  message: 'database connected successfully',
  level: 'info',
  service: 'user-service',
  label: 'Dipra',
  timestamp: '2024-03-18T15:39:30.240Z'
}
{
  message: 'Example app listening on port 5300',
  level: 'info',
  service: 'user-service',
  label: 'Dipra',
  timestamp: '2024-03-18T15:39:30.245Z'
}
{
  message: 'SIGTERM is received',
  level: 'info',
  service: 'user-service',
  label: 'Dipra',
  timestamp: '2024-03-18T15:45:53.449Z'
}
{
  message: 'database connected successfully',
  level: 'info',
  service: 'user-service',
  label: 'Dipra',
  timestamp: '2024-03-18T15:52:40.392Z'
}
{
  message: 'Example app listening on port 5300',
  level: 'info',
  service: 'user-service',
  label: 'Dipra',
  timestamp: '2024-03-18T15:52:40.399Z'
}
{
  message: 'SIGTERM is received',
  level: 'info',
  service: 'user-service',
  label: 'Dipra',
  timestamp: '2024-03-18T15:53:37.537Z'
}
{
  message: 'database connected successfully',
  level: 'info',
  service: 'user-service',
  label: 'Dipra',
  timestamp: '2024-03-18T15:53:49.318Z'
}
{
  message: 'Example app listening on port 5300',
  level: 'info',
  service: 'user-service',
  label: 'Dipra',
  timestamp: '2024-03-18T15:53:49.323Z'
}
