{
  message: 'SIGTERM is received',
  level: 'info',
  service: 'user-service',
  label: 'Dipra',
  timestamp: '2024-03-18T14:06:18.717Z'
}
{
  message: 'database connected successfully',
  level: 'info',
  service: 'user-service',
  label: 'Dipra',
  timestamp: '2024-03-18T14:06:47.191Z'
}
{
  message: 'Example app listening on port 5300',
  level: 'info',
  service: 'user-service',
  label: 'Dipra',
  timestamp: '2024-03-18T14:06:47.196Z'
}
{
  message: 'SIGTERM is received',
  level: 'info',
  service: 'user-service',
  label: 'Dipra',
  timestamp: '2024-03-18T14:10:20.171Z'
}
{
  message: 'database connected successfully',
  level: 'info',
  service: 'user-service',
  label: 'Dipra',
  timestamp: '2024-03-18T14:10:39.616Z'
}
{
  message: 'Example app listening on port 5300',
  level: 'info',
  service: 'user-service',
  label: 'Dipra',
  timestamp: '2024-03-18T14:10:39.620Z'
}
{
  message: 'SIGTERM is received',
  level: 'info',
  service: 'user-service',
  label: 'Dipra',
  timestamp: '2024-03-18T14:12:21.243Z'
}
{
  message: 'database connected successfully',
  level: 'info',
  service: 'user-service',
  label: 'Dipra',
  timestamp: '2024-03-18T14:12:30.293Z'
}
{
  message: 'Example app listening on port 5300',
  level: 'info',
  service: 'user-service',
  label: 'Dipra',
  timestamp: '2024-03-18T14:12:30.296Z'
}
{
  message: 'SIGTERM is received',
  level: 'info',
  service: 'user-service',
  label: 'Dipra',
  timestamp: '2024-03-18T14:15:20.166Z'
}
{
  message: 'database connected successfully',
  level: 'info',
  service: 'user-service',
  label: 'Dipra',
  timestamp: '2024-03-18T14:15:28.321Z'
}
{
  message: 'Example app listening on port 5300',
  level: 'info',
  service: 'user-service',
  label: 'Dipra',
  timestamp: '2024-03-18T14:15:28.326Z'
}
{
  message: 'SIGTERM is received',
  level: 'info',
  service: 'user-service',
  label: 'Dipra',
  timestamp: '2024-03-18T14:45:17.304Z'
}
{
  message: 'database connected successfully',
  level: 'info',
  service: 'user-service',
  label: 'Dipra',
  timestamp: '2024-03-18T14:48:17.249Z'
}
{
  message: 'Example app listening on port 5300',
  level: 'info',
  service: 'user-service',
  label: 'Dipra',
  timestamp: '2024-03-18T14:48:17.255Z'
}
{
  message: 'SIGTERM is received',
  level: 'info',
  service: 'user-service',
  label: 'Dipra',
  timestamp: '2024-03-18T14:49:29.319Z'
}
