{
  message: 'database connected successfully',
  level: 'info',
  service: 'user-service',
  label: 'right meow!',
  timestamp: '2024-03-13T13:54:26.906Z'
}
{
  message: 'Example app listening on port 5300',
  level: 'info',
  service: 'user-service',
  label: 'right meow!',
  timestamp: '2024-03-13T13:54:26.909Z'
}
{
  message: 'database connected successfully',
  level: 'info',
  service: 'user-service',
  label: 'Dipra',
  timestamp: '2024-03-13T13:54:51.606Z'
}
{
  message: 'Example app listening on port 5300',
  level: 'info',
  service: 'user-service',
  label: 'Dipra',
  timestamp: '2024-03-13T13:54:51.609Z'
}
