{
  message: 'SIGTERM is received',
  level: 'info',
  service: 'user-service',
  label: 'Dipra',
  timestamp: '2024-03-22T15:11:56.538Z'
}
{
  message: 'database connected successfully',
  level: 'info',
  service: 'user-service',
  label: 'Dipra',
  timestamp: '2024-03-22T15:12:04.891Z'
}
{
  message: 'Example app listening on port 5300',
  level: 'info',
  service: 'user-service',
  label: 'Dipra',
  timestamp: '2024-03-22T15:12:04.896Z'
}
{
  message: 'SIGTERM is received',
  level: 'info',
  service: 'user-service',
  label: 'Dipra',
  timestamp: '2024-03-22T15:12:40.135Z'
}
{
  message: 'database connected successfully',
  level: 'info',
  service: 'user-service',
  label: 'Dipra',
  timestamp: '2024-03-22T15:12:55.735Z'
}
{
  message: 'Example app listening on port 5300',
  level: 'info',
  service: 'user-service',
  label: 'Dipra',
  timestamp: '2024-03-22T15:12:55.738Z'
}
{
  message: 'database connected successfully',
  level: 'info',
  service: 'user-service',
  label: 'Dipra',
  timestamp: '2024-03-22T15:16:05.812Z'
}
{
  message: 'Example app listening on port 5300',
  level: 'info',
  service: 'user-service',
  label: 'Dipra',
  timestamp: '2024-03-22T15:16:05.814Z'
}
{
  message: 'SIGTERM is received',
  level: 'info',
  service: 'user-service',
  label: 'Dipra',
  timestamp: '2024-03-22T15:17:11.456Z'
}
{
  message: 'database connected successfully',
  level: 'info',
  service: 'user-service',
  label: 'Dipra',
  timestamp: '2024-03-22T15:17:32.056Z'
}
{
  message: 'Example app listening on port 5300',
  level: 'info',
  service: 'user-service',
  label: 'Dipra',
  timestamp: '2024-03-22T15:17:32.061Z'
}
