{
  message: 'database connected successfully',
  level: 'info',
  service: 'user-service',
  label: 'Dipra',
  timestamp: '2024-03-16T05:15:32.769Z'
}
{
  message: 'Example app listening on port 5300',
  level: 'info',
  service: 'user-service',
  label: 'Dipra',
  timestamp: '2024-03-16T05:15:32.776Z'
}
{
  message: 'database connected successfully',
  level: 'info',
  service: 'user-service',
  label: 'Dipra',
  timestamp: '2024-03-16T05:20:29.797Z'
}
{
  message: 'Example app listening on port 5300',
  level: 'info',
  service: 'user-service',
  label: 'Dipra',
  timestamp: '2024-03-16T05:20:29.799Z'
}
{
  message: 'database connected successfully',
  level: 'info',
  service: 'user-service',
  label: 'Dipra',
  timestamp: '2024-03-16T05:26:24.084Z'
}
{
  message: 'Example app listening on port 5300',
  level: 'info',
  service: 'user-service',
  label: 'Dipra',
  timestamp: '2024-03-16T05:26:24.087Z'
}
{
  message: 'database connected successfully',
  level: 'info',
  service: 'user-service',
  label: 'Dipra',
  timestamp: '2024-03-16T05:29:32.783Z'
}
{
  message: 'Example app listening on port 5300',
  level: 'info',
  service: 'user-service',
  label: 'Dipra',
  timestamp: '2024-03-16T05:29:32.787Z'
}
{
  message: 'database connected successfully',
  level: 'info',
  service: 'user-service',
  label: 'Dipra',
  timestamp: '2024-03-16T05:30:42.571Z'
}
{
  message: 'Example app listening on port 5300',
  level: 'info',
  service: 'user-service',
  label: 'Dipra',
  timestamp: '2024-03-16T05:30:42.574Z'
}
