{"level":"info","message":"database connected successfully","service":"user-service"}
{"level":"info","message":"Example app listening on port 5300","service":"user-service"}
{"level":"info","message":"database connected successfully","service":"user-service"}
{"level":"info","message":"Example app listening on port undefined","service":"user-service"}
{"level":"info","message":"database connected successfully","service":"user-service"}
{"level":"info","message":"Example app listening on port 5300","service":"user-service"}
{"level":"info","message":"database connected successfully","service":"user-service"}
{"level":"info","message":"Example app listening on port 5300","service":"user-service"}
{"level":"info","message":"database connected successfully","service":"user-service"}
{"level":"info","message":"Example app listening on port 5300","service":"user-service"}
2024-03-12T15:32:49.778Z [right meow!] info: database connected successfully
2024-03-12T15:32:49.780Z [right meow!] info: Example app listening on port 5300
Tue Mar 12 2024 21:44:33 [right meow!] info: database connected successfully
Tue Mar 12 2024 21:44:33 [right meow!] info: Example app listening on port 5300
{
  message: 'database connected successfully',
  level: 'info',
  service: 'user-service',
  label: 'right meow!',
  timestamp: '2024-03-12T15:46:04.021Z'
}
{
  message: 'Example app listening on port 5300',
  level: 'info',
  service: 'user-service',
  label: 'right meow!',
  timestamp: '2024-03-12T15:46:04.024Z'
}
{
  message: 'database connected successfully',
  level: 'info',
  service: 'user-service',
  label: 'right meow!',
  timestamp: '2024-03-12T15:46:39.924Z'
}
{
  message: 'Example app listening on port 5300',
  level: 'info',
  service: 'user-service',
  label: 'right meow!',
  timestamp: '2024-03-12T15:46:39.928Z'
}
